<?xml version="1.0" encoding="UTF-8"?>
<!-- Generated by org.testng.reporters.JUnitXMLReporter -->
<testsuite hostname="DSK-0062" ignored="0" name="Default test" tests="6" failures="0" timestamp="25 jul 2017 13:06:22 GMT" time="68.841" errors="0">
  <testcase name="test1_menuAcess" time="2.352" classname="gissOnline.Main"/>
  <testcase name="test2_validaConteudoMenu" time="6.022" classname="gissOnline.Main"/>
  <testcase name="test3_validaConteudoPrestadorEmitirNota" time="6.814" classname="gissOnline.Main"/>
  <testcase name="test4_validaConteudoPrestadorConsultarNotaIntervalodeNotas" time="3.167" classname="gissOnline.Main"/>
  <testcase name="test5_validaConteudoPrestadorConsultarNotaPeriodo" time="2.895" classname="gissOnline.Main"/>
  <testcase name="test7_validaConteudoTomadorEmissaoNota" time="3.48" classname="gissOnline.Main"/>
</testsuite> <!-- Default test -->
